<?xml version="1.0" encoding="UTF-8"?>
<!-- Generated by org.testng.reporters.JUnitReportReporter -->
<testsuite skipped="0" hostname="MSDES12" name="com.matryxsoft.youtube.Testcases.ForwardVideoPlay" tests="2" failures="0" timestamp="2020-05-20T15:46:16 IST" time="401.674" errors="0">
  <testcase name="ForwardVideoTC" time="186.052" classname="com.matryxsoft.youtube.Testcases.ForwardVideoPlay"/>
  <testcase name="ForwardVideoTC" time="215.622" classname="com.matryxsoft.youtube.Testcases.ForwardVideoPlay"/>
</testsuite> <!-- com.matryxsoft.youtube.Testcases.ForwardVideoPlay -->
