<?xml version="1.0" encoding="UTF-8"?>
<!-- Generated by org.testng.reporters.JUnitReportReporter -->
<testsuite skipped="0" hostname="MSDES12" name="com.matryxsoft.youtube.Testcases.LikeSubscribeChannel" tests="2" failures="0" timestamp="2020-05-21T15:31:24 IST" time="9558.459" errors="0">
  <testcase name="LoginUser" time="4835.995" classname="com.matryxsoft.youtube.Testcases.LikeSubscribeChannel"/>
  <testcase name="LoginUser" time="4722.464" classname="com.matryxsoft.youtube.Testcases.LikeSubscribeChannel"/>
</testsuite> <!-- com.matryxsoft.youtube.Testcases.LikeSubscribeChannel -->
